
*** Running vivado
    with args -log design_1_wrapper.vds -m64 -product Vivado -mode batch -messageDb vivado.pb -notrace -source design_1_wrapper.tcl


****** Vivado v2019.1 (64-bit)
  **** SW Build 2552052 on Fri May 24 14:49:42 MDT 2019
  **** IP Build 2548770 on Fri May 24 18:01:18 MDT 2019
    ** Copyright 1986-2019 Xilinx, Inc. All Rights Reserved.

source design_1_wrapper.tcl -notrace
INFO: [IP_Flow 19-234] Refreshing IP repositories
INFO: [IP_Flow 19-1700] Loaded user IP repository 'c:/Users/miss_p/AppData/Roaming/Xilinx/Vivado/PeakDetection2'.
INFO: [IP_Flow 19-1700] Loaded user IP repository 'c:/Users/miss_p/AppData/Roaming/Xilinx/Vivado/HeartBeat'.
INFO: [IP_Flow 19-2313] Loaded Vivado IP repository 'E:/XilinxV/Vivado/2019.1/data/ip'.
Command: synth_design -top design_1_wrapper -part xc7s100fgga676-2
Starting synth_design
Attempting to get a license for feature 'Synthesis' and/or device 'xc7s100'
INFO: [Common 17-349] Got license for feature 'Synthesis' and/or device 'xc7s100'
INFO: [Device 21-403] Loading part xc7s100fgga676-2
INFO: Launching helper process for spawning children vivado processes
INFO: Helper process launched with PID 9628 
---------------------------------------------------------------------------------
Starting RTL Elaboration : Time (s): cpu = 00:00:04 ; elapsed = 00:00:04 . Memory (MB): peak = 833.340 ; gain = 179.313
---------------------------------------------------------------------------------
INFO: [Synth 8-638] synthesizing module 'design_1_wrapper' [E:/XilinxV/Projects/project_12NewLast/project_12/project_12.srcs/sources_1/bd/design_1/hdl/design_1_wrapper.vhd:45]
INFO: [Synth 8-3491] module 'design_1' declared at 'E:/XilinxV/Projects/project_12NewLast/project_12/project_12.srcs/sources_1/bd/design_1/synth/design_1.vhd:1583' bound to instance 'design_1_i' of component 'design_1' [E:/XilinxV/Projects/project_12NewLast/project_12/project_12.srcs/sources_1/bd/design_1/hdl/design_1_wrapper.vhd:77]
INFO: [Synth 8-638] synthesizing module 'design_1' [E:/XilinxV/Projects/project_12NewLast/project_12/project_12.srcs/sources_1/bd/design_1/synth/design_1.vhd:1618]
INFO: [Synth 8-3491] module 'design_1_axi_gpio_0_1' declared at 'E:/XilinxV/Projects/project_12NewLast/project_12/project_12.runs/synth_1/.Xil/Vivado-4476-DESKTOP-B1FNTQV/realtime/design_1_axi_gpio_0_1_stub.vhdl:5' bound to instance 'axi_gpio_0' of component 'design_1_axi_gpio_0_1' [E:/XilinxV/Projects/project_12NewLast/project_12/project_12.srcs/sources_1/bd/design_1/synth/design_1.vhd:2059]
INFO: [Synth 8-638] synthesizing module 'design_1_axi_gpio_0_1' [E:/XilinxV/Projects/project_12NewLast/project_12/project_12.runs/synth_1/.Xil/Vivado-4476-DESKTOP-B1FNTQV/realtime/design_1_axi_gpio_0_1_stub.vhdl:32]
INFO: [Synth 8-3491] module 'design_1_axi_gpio_1_0' declared at 'E:/XilinxV/Projects/project_12NewLast/project_12/project_12.runs/synth_1/.Xil/Vivado-4476-DESKTOP-B1FNTQV/realtime/design_1_axi_gpio_1_0_stub.vhdl:5' bound to instance 'axi_gpio_1' of component 'design_1_axi_gpio_1_0' [E:/XilinxV/Projects/project_12NewLast/project_12/project_12.srcs/sources_1/bd/design_1/synth/design_1.vhd:2083]
INFO: [Synth 8-638] synthesizing module 'design_1_axi_gpio_1_0' [E:/XilinxV/Projects/project_12NewLast/project_12/project_12.runs/synth_1/.Xil/Vivado-4476-DESKTOP-B1FNTQV/realtime/design_1_axi_gpio_1_0_stub.vhdl:32]
INFO: [Synth 8-3491] module 'design_1_axi_gpio_2_0' declared at 'E:/XilinxV/Projects/project_12NewLast/project_12/project_12.runs/synth_1/.Xil/Vivado-4476-DESKTOP-B1FNTQV/realtime/design_1_axi_gpio_2_0_stub.vhdl:5' bound to instance 'axi_gpio_2' of component 'design_1_axi_gpio_2_0' [E:/XilinxV/Projects/project_12NewLast/project_12/project_12.srcs/sources_1/bd/design_1/synth/design_1.vhd:2107]
INFO: [Synth 8-638] synthesizing module 'design_1_axi_gpio_2_0' [E:/XilinxV/Projects/project_12NewLast/project_12/project_12.runs/synth_1/.Xil/Vivado-4476-DESKTOP-B1FNTQV/realtime/design_1_axi_gpio_2_0_stub.vhdl:32]
INFO: [Synth 8-3491] module 'design_1_clk_wiz_1_0' declared at 'E:/XilinxV/Projects/project_12NewLast/project_12/project_12.runs/synth_1/.Xil/Vivado-4476-DESKTOP-B1FNTQV/realtime/design_1_clk_wiz_1_0_stub.vhdl:5' bound to instance 'clk_wiz_1' of component 'design_1_clk_wiz_1_0' [E:/XilinxV/Projects/project_12NewLast/project_12/project_12.srcs/sources_1/bd/design_1/synth/design_1.vhd:2131]
INFO: [Synth 8-638] synthesizing module 'design_1_clk_wiz_1_0' [E:/XilinxV/Projects/project_12NewLast/project_12/project_12.runs/synth_1/.Xil/Vivado-4476-DESKTOP-B1FNTQV/realtime/design_1_clk_wiz_1_0_stub.vhdl:15]
INFO: [Synth 8-3491] module 'design_1_heartbeat_0_0' declared at 'E:/XilinxV/Projects/project_12NewLast/project_12/project_12.runs/synth_1/.Xil/Vivado-4476-DESKTOP-B1FNTQV/realtime/design_1_heartbeat_0_0_stub.vhdl:5' bound to instance 'heartbeat_0' of component 'design_1_heartbeat_0_0' [E:/XilinxV/Projects/project_12NewLast/project_12/project_12.srcs/sources_1/bd/design_1/synth/design_1.vhd:2138]
INFO: [Synth 8-638] synthesizing module 'design_1_heartbeat_0_0' [E:/XilinxV/Projects/project_12NewLast/project_12/project_12.runs/synth_1/.Xil/Vivado-4476-DESKTOP-B1FNTQV/realtime/design_1_heartbeat_0_0_stub.vhdl:20]
INFO: [Synth 8-3491] module 'design_1_mdm_1_0' declared at 'E:/XilinxV/Projects/project_12NewLast/project_12/project_12.runs/synth_1/.Xil/Vivado-4476-DESKTOP-B1FNTQV/realtime/design_1_mdm_1_0_stub.vhdl:5' bound to instance 'mdm_1' of component 'design_1_mdm_1_0' [E:/XilinxV/Projects/project_12NewLast/project_12/project_12.srcs/sources_1/bd/design_1/synth/design_1.vhd:2150]
INFO: [Synth 8-638] synthesizing module 'design_1_mdm_1_0' [E:/XilinxV/Projects/project_12NewLast/project_12/project_12.runs/synth_1/.Xil/Vivado-4476-DESKTOP-B1FNTQV/realtime/design_1_mdm_1_0_stub.vhdl:21]
INFO: [Synth 8-3491] module 'design_1_microblaze_0_0' declared at 'E:/XilinxV/Projects/project_12NewLast/project_12/project_12.runs/synth_1/.Xil/Vivado-4476-DESKTOP-B1FNTQV/realtime/design_1_microblaze_0_0_stub.vhdl:5' bound to instance 'microblaze_0' of component 'design_1_microblaze_0_0' [E:/XilinxV/Projects/project_12NewLast/project_12/project_12.srcs/sources_1/bd/design_1/synth/design_1.vhd:2163]
INFO: [Synth 8-638] synthesizing module 'design_1_microblaze_0_0' [E:/XilinxV/Projects/project_12NewLast/project_12/project_12.runs/synth_1/.Xil/Vivado-4476-DESKTOP-B1FNTQV/realtime/design_1_microblaze_0_0_stub.vhdl:63]
INFO: [Synth 8-638] synthesizing module 'design_1_microblaze_0_axi_periph_0' [E:/XilinxV/Projects/project_12NewLast/project_12/project_12.srcs/sources_1/bd/design_1/synth/design_1.vhd:1071]
INFO: [Synth 8-638] synthesizing module 'm00_couplers_imp_8RVYHO' [E:/XilinxV/Projects/project_12NewLast/project_12/project_12.srcs/sources_1/bd/design_1/synth/design_1.vhd:57]
INFO: [Synth 8-256] done synthesizing module 'm00_couplers_imp_8RVYHO' (1#1) [E:/XilinxV/Projects/project_12NewLast/project_12/project_12.srcs/sources_1/bd/design_1/synth/design_1.vhd:57]
INFO: [Synth 8-638] synthesizing module 'm01_couplers_imp_1UTB3Y5' [E:/XilinxV/Projects/project_12NewLast/project_12/project_12.srcs/sources_1/bd/design_1/synth/design_1.vhd:158]
INFO: [Synth 8-256] done synthesizing module 'm01_couplers_imp_1UTB3Y5' (2#1) [E:/XilinxV/Projects/project_12NewLast/project_12/project_12.srcs/sources_1/bd/design_1/synth/design_1.vhd:158]
INFO: [Synth 8-638] synthesizing module 'm02_couplers_imp_7ANRHB' [E:/XilinxV/Projects/project_12NewLast/project_12/project_12.srcs/sources_1/bd/design_1/synth/design_1.vhd:259]
INFO: [Synth 8-256] done synthesizing module 'm02_couplers_imp_7ANRHB' (3#1) [E:/XilinxV/Projects/project_12NewLast/project_12/project_12.srcs/sources_1/bd/design_1/synth/design_1.vhd:259]
INFO: [Synth 8-638] synthesizing module 's00_couplers_imp_1RZP34U' [E:/XilinxV/Projects/project_12NewLast/project_12/project_12.srcs/sources_1/bd/design_1/synth/design_1.vhd:922]
INFO: [Synth 8-256] done synthesizing module 's00_couplers_imp_1RZP34U' (4#1) [E:/XilinxV/Projects/project_12NewLast/project_12/project_12.srcs/sources_1/bd/design_1/synth/design_1.vhd:922]
INFO: [Synth 8-3491] module 'design_1_xbar_0' declared at 'E:/XilinxV/Projects/project_12NewLast/project_12/project_12.runs/synth_1/.Xil/Vivado-4476-DESKTOP-B1FNTQV/realtime/design_1_xbar_0_stub.vhdl:5' bound to instance 'xbar' of component 'design_1_xbar_0' [E:/XilinxV/Projects/project_12NewLast/project_12/project_12.srcs/sources_1/bd/design_1/synth/design_1.vhd:1501]
INFO: [Synth 8-638] synthesizing module 'design_1_xbar_0' [E:/XilinxV/Projects/project_12NewLast/project_12/project_12.runs/synth_1/.Xil/Vivado-4476-DESKTOP-B1FNTQV/realtime/design_1_xbar_0_stub.vhdl:51]
INFO: [Synth 8-256] done synthesizing module 'design_1_microblaze_0_axi_periph_0' (5#1) [E:/XilinxV/Projects/project_12NewLast/project_12/project_12.srcs/sources_1/bd/design_1/synth/design_1.vhd:1071]
INFO: [Synth 8-638] synthesizing module 'microblaze_0_local_memory_imp_1K0VQXK' [E:/XilinxV/Projects/project_12NewLast/project_12/project_12.srcs/sources_1/bd/design_1/synth/design_1.vhd:343]
INFO: [Synth 8-3491] module 'design_1_dlmb_bram_if_cntlr_0' declared at 'E:/XilinxV/Projects/project_12NewLast/project_12/project_12.runs/synth_1/.Xil/Vivado-4476-DESKTOP-B1FNTQV/realtime/design_1_dlmb_bram_if_cntlr_0_stub.vhdl:5' bound to instance 'dlmb_bram_if_cntlr' of component 'design_1_dlmb_bram_if_cntlr_0' [E:/XilinxV/Projects/project_12NewLast/project_12/project_12.srcs/sources_1/bd/design_1/synth/design_1.vhd:557]
INFO: [Synth 8-638] synthesizing module 'design_1_dlmb_bram_if_cntlr_0' [E:/XilinxV/Projects/project_12NewLast/project_12/project_12.runs/synth_1/.Xil/Vivado-4476-DESKTOP-B1FNTQV/realtime/design_1_dlmb_bram_if_cntlr_0_stub.vhdl:31]
INFO: [Synth 8-3491] module 'design_1_dlmb_v10_0' declared at 'E:/XilinxV/Projects/project_12NewLast/project_12/project_12.runs/synth_1/.Xil/Vivado-4476-DESKTOP-B1FNTQV/realtime/design_1_dlmb_v10_0_stub.vhdl:5' bound to instance 'dlmb_v10' of component 'design_1_dlmb_v10_0' [E:/XilinxV/Projects/project_12NewLast/project_12/project_12.srcs/sources_1/bd/design_1/synth/design_1.vhd:611]
INFO: [Synth 8-638] synthesizing module 'design_1_dlmb_v10_0' [E:/XilinxV/Projects/project_12NewLast/project_12/project_12.runs/synth_1/.Xil/Vivado-4476-DESKTOP-B1FNTQV/realtime/design_1_dlmb_v10_0_stub.vhdl:36]
INFO: [Synth 8-3491] module 'design_1_ilmb_bram_if_cntlr_0' declared at 'E:/XilinxV/Projects/project_12NewLast/project_12/project_12.runs/synth_1/.Xil/Vivado-4476-DESKTOP-B1FNTQV/realtime/design_1_ilmb_bram_if_cntlr_0_stub.vhdl:5' bound to instance 'ilmb_bram_if_cntlr' of component 'design_1_ilmb_bram_if_cntlr_0' [E:/XilinxV/Projects/project_12NewLast/project_12/project_12.srcs/sources_1/bd/design_1/synth/design_1.vhd:639]
INFO: [Synth 8-638] synthesizing module 'design_1_ilmb_bram_if_cntlr_0' [E:/XilinxV/Projects/project_12NewLast/project_12/project_12.runs/synth_1/.Xil/Vivado-4476-DESKTOP-B1FNTQV/realtime/design_1_ilmb_bram_if_cntlr_0_stub.vhdl:31]
INFO: [Synth 8-3491] module 'design_1_ilmb_v10_0' declared at 'E:/XilinxV/Projects/project_12NewLast/project_12/project_12.runs/synth_1/.Xil/Vivado-4476-DESKTOP-B1FNTQV/realtime/design_1_ilmb_v10_0_stub.vhdl:5' bound to instance 'ilmb_v10' of component 'design_1_ilmb_v10_0' [E:/XilinxV/Projects/project_12NewLast/project_12/project_12.srcs/sources_1/bd/design_1/synth/design_1.vhd:693]
INFO: [Synth 8-638] synthesizing module 'design_1_ilmb_v10_0' [E:/XilinxV/Projects/project_12NewLast/project_12/project_12.runs/synth_1/.Xil/Vivado-4476-DESKTOP-B1FNTQV/realtime/design_1_ilmb_v10_0_stub.vhdl:36]
INFO: [Synth 8-3491] module 'design_1_lmb_bram_0' declared at 'E:/XilinxV/Projects/project_12NewLast/project_12/project_12.runs/synth_1/.Xil/Vivado-4476-DESKTOP-B1FNTQV/realtime/design_1_lmb_bram_0_stub.vhdl:5' bound to instance 'lmb_bram' of component 'design_1_lmb_bram_0' [E:/XilinxV/Projects/project_12NewLast/project_12/project_12.srcs/sources_1/bd/design_1/synth/design_1.vhd:721]
INFO: [Synth 8-638] synthesizing module 'design_1_lmb_bram_0' [E:/XilinxV/Projects/project_12NewLast/project_12/project_12.runs/synth_1/.Xil/Vivado-4476-DESKTOP-B1FNTQV/realtime/design_1_lmb_bram_0_stub.vhdl:27]
INFO: [Synth 8-256] done synthesizing module 'microblaze_0_local_memory_imp_1K0VQXK' (6#1) [E:/XilinxV/Projects/project_12NewLast/project_12/project_12.srcs/sources_1/bd/design_1/synth/design_1.vhd:343]
INFO: [Synth 8-3491] module 'design_1_peakdetection_0_0' declared at 'E:/XilinxV/Projects/project_12NewLast/project_12/project_12.runs/synth_1/.Xil/Vivado-4476-DESKTOP-B1FNTQV/realtime/design_1_peakdetection_0_0_stub.vhdl:5' bound to instance 'peakdetection_0' of component 'design_1_peakdetection_0_0' [E:/XilinxV/Projects/project_12NewLast/project_12/project_12.srcs/sources_1/bd/design_1/synth/design_1.vhd:2325]
INFO: [Synth 8-638] synthesizing module 'design_1_peakdetection_0_0' [E:/XilinxV/Projects/project_12NewLast/project_12/project_12.runs/synth_1/.Xil/Vivado-4476-DESKTOP-B1FNTQV/realtime/design_1_peakdetection_0_0_stub.vhdl:40]
INFO: [Synth 8-3491] module 'design_1_rst_clk_wiz_1_100M_0' declared at 'E:/XilinxV/Projects/project_12NewLast/project_12/project_12.runs/synth_1/.Xil/Vivado-4476-DESKTOP-B1FNTQV/realtime/design_1_rst_clk_wiz_1_100M_0_stub.vhdl:5' bound to instance 'rst_clk_wiz_1_100M' of component 'design_1_rst_clk_wiz_1_100M_0' [E:/XilinxV/Projects/project_12NewLast/project_12/project_12.srcs/sources_1/bd/design_1/synth/design_1.vhd:2357]
INFO: [Synth 8-638] synthesizing module 'design_1_rst_clk_wiz_1_100M_0' [E:/XilinxV/Projects/project_12NewLast/project_12/project_12.runs/synth_1/.Xil/Vivado-4476-DESKTOP-B1FNTQV/realtime/design_1_rst_clk_wiz_1_100M_0_stub.vhdl:21]
INFO: [Synth 8-256] done synthesizing module 'design_1' (7#1) [E:/XilinxV/Projects/project_12NewLast/project_12/project_12.srcs/sources_1/bd/design_1/synth/design_1.vhd:1618]
INFO: [Synth 8-256] done synthesizing module 'design_1_wrapper' (8#1) [E:/XilinxV/Projects/project_12NewLast/project_12/project_12.srcs/sources_1/bd/design_1/hdl/design_1_wrapper.vhd:45]
WARNING: [Synth 8-3331] design s00_couplers_imp_1RZP34U has unconnected port M_ACLK
WARNING: [Synth 8-3331] design s00_couplers_imp_1RZP34U has unconnected port M_ARESETN
WARNING: [Synth 8-3331] design s00_couplers_imp_1RZP34U has unconnected port S_ACLK
WARNING: [Synth 8-3331] design s00_couplers_imp_1RZP34U has unconnected port S_ARESETN
WARNING: [Synth 8-3331] design m02_couplers_imp_7ANRHB has unconnected port M_ACLK
WARNING: [Synth 8-3331] design m02_couplers_imp_7ANRHB has unconnected port M_ARESETN
WARNING: [Synth 8-3331] design m02_couplers_imp_7ANRHB has unconnected port S_ACLK
WARNING: [Synth 8-3331] design m02_couplers_imp_7ANRHB has unconnected port S_ARESETN
WARNING: [Synth 8-3331] design m01_couplers_imp_1UTB3Y5 has unconnected port M_ACLK
WARNING: [Synth 8-3331] design m01_couplers_imp_1UTB3Y5 has unconnected port M_ARESETN
WARNING: [Synth 8-3331] design m01_couplers_imp_1UTB3Y5 has unconnected port S_ACLK
WARNING: [Synth 8-3331] design m01_couplers_imp_1UTB3Y5 has unconnected port S_ARESETN
WARNING: [Synth 8-3331] design m00_couplers_imp_8RVYHO has unconnected port M_ACLK
WARNING: [Synth 8-3331] design m00_couplers_imp_8RVYHO has unconnected port M_ARESETN
WARNING: [Synth 8-3331] design m00_couplers_imp_8RVYHO has unconnected port S_ACLK
WARNING: [Synth 8-3331] design m00_couplers_imp_8RVYHO has unconnected port S_ARESETN
WARNING: [Synth 8-3331] design design_1_microblaze_0_axi_periph_0 has unconnected port M00_ACLK
WARNING: [Synth 8-3331] design design_1_microblaze_0_axi_periph_0 has unconnected port M00_ARESETN
WARNING: [Synth 8-3331] design design_1_microblaze_0_axi_periph_0 has unconnected port M01_ACLK
WARNING: [Synth 8-3331] design design_1_microblaze_0_axi_periph_0 has unconnected port M01_ARESETN
WARNING: [Synth 8-3331] design design_1_microblaze_0_axi_periph_0 has unconnected port M02_ACLK
WARNING: [Synth 8-3331] design design_1_microblaze_0_axi_periph_0 has unconnected port M02_ARESETN
WARNING: [Synth 8-3331] design design_1_microblaze_0_axi_periph_0 has unconnected port S00_ACLK
WARNING: [Synth 8-3331] design design_1_microblaze_0_axi_periph_0 has unconnected port S00_ARESETN
---------------------------------------------------------------------------------
Finished RTL Elaboration : Time (s): cpu = 00:00:05 ; elapsed = 00:00:06 . Memory (MB): peak = 902.680 ; gain = 248.652
---------------------------------------------------------------------------------

Report Check Netlist: 
+------+------------------+-------+---------+-------+------------------+
|      |Item              |Errors |Warnings |Status |Description       |
+------+------------------+-------+---------+-------+------------------+
|1     |multi_driven_nets |      0|        0|Passed |Multi driven nets |
+------+------------------+-------+---------+-------+------------------+
---------------------------------------------------------------------------------
Start Handling Custom Attributes
---------------------------------------------------------------------------------
---------------------------------------------------------------------------------
Finished Handling Custom Attributes : Time (s): cpu = 00:00:06 ; elapsed = 00:00:06 . Memory (MB): peak = 902.680 ; gain = 248.652
---------------------------------------------------------------------------------
---------------------------------------------------------------------------------
Finished RTL Optimization Phase 1 : Time (s): cpu = 00:00:06 ; elapsed = 00:00:06 . Memory (MB): peak = 902.680 ; gain = 248.652
---------------------------------------------------------------------------------
INFO: [Project 1-570] Preparing netlist for logic optimization

Processing XDC Constraints
Initializing timing engine
Parsing XDC File [e:/XilinxV/Projects/project_12NewLast/project_12/project_12.srcs/sources_1/bd/design_1/ip/design_1_microblaze_0_0/design_1_microblaze_0_0/design_1_microblaze_0_0_in_context.xdc] for cell 'design_1_i/microblaze_0'
Finished Parsing XDC File [e:/XilinxV/Projects/project_12NewLast/project_12/project_12.srcs/sources_1/bd/design_1/ip/design_1_microblaze_0_0/design_1_microblaze_0_0/design_1_microblaze_0_0_in_context.xdc] for cell 'design_1_i/microblaze_0'
Parsing XDC File [e:/XilinxV/Projects/project_12NewLast/project_12/project_12.srcs/sources_1/bd/design_1/ip/design_1_dlmb_v10_0/design_1_dlmb_v10_0/design_1_ilmb_v10_0_in_context.xdc] for cell 'design_1_i/microblaze_0_local_memory/dlmb_v10'
Finished Parsing XDC File [e:/XilinxV/Projects/project_12NewLast/project_12/project_12.srcs/sources_1/bd/design_1/ip/design_1_dlmb_v10_0/design_1_dlmb_v10_0/design_1_ilmb_v10_0_in_context.xdc] for cell 'design_1_i/microblaze_0_local_memory/dlmb_v10'
Parsing XDC File [e:/XilinxV/Projects/project_12NewLast/project_12/project_12.srcs/sources_1/bd/design_1/ip/design_1_ilmb_v10_0/design_1_ilmb_v10_0/design_1_ilmb_v10_0_in_context.xdc] for cell 'design_1_i/microblaze_0_local_memory/ilmb_v10'
Finished Parsing XDC File [e:/XilinxV/Projects/project_12NewLast/project_12/project_12.srcs/sources_1/bd/design_1/ip/design_1_ilmb_v10_0/design_1_ilmb_v10_0/design_1_ilmb_v10_0_in_context.xdc] for cell 'design_1_i/microblaze_0_local_memory/ilmb_v10'
Parsing XDC File [e:/XilinxV/Projects/project_12NewLast/project_12/project_12.srcs/sources_1/bd/design_1/ip/design_1_dlmb_bram_if_cntlr_0/design_1_dlmb_bram_if_cntlr_0/design_1_dlmb_bram_if_cntlr_0_in_context.xdc] for cell 'design_1_i/microblaze_0_local_memory/dlmb_bram_if_cntlr'
Finished Parsing XDC File [e:/XilinxV/Projects/project_12NewLast/project_12/project_12.srcs/sources_1/bd/design_1/ip/design_1_dlmb_bram_if_cntlr_0/design_1_dlmb_bram_if_cntlr_0/design_1_dlmb_bram_if_cntlr_0_in_context.xdc] for cell 'design_1_i/microblaze_0_local_memory/dlmb_bram_if_cntlr'
Parsing XDC File [e:/XilinxV/Projects/project_12NewLast/project_12/project_12.srcs/sources_1/bd/design_1/ip/design_1_ilmb_bram_if_cntlr_0/design_1_ilmb_bram_if_cntlr_0/design_1_ilmb_bram_if_cntlr_0_in_context.xdc] for cell 'design_1_i/microblaze_0_local_memory/ilmb_bram_if_cntlr'
Finished Parsing XDC File [e:/XilinxV/Projects/project_12NewLast/project_12/project_12.srcs/sources_1/bd/design_1/ip/design_1_ilmb_bram_if_cntlr_0/design_1_ilmb_bram_if_cntlr_0/design_1_ilmb_bram_if_cntlr_0_in_context.xdc] for cell 'design_1_i/microblaze_0_local_memory/ilmb_bram_if_cntlr'
Parsing XDC File [e:/XilinxV/Projects/project_12NewLast/project_12/project_12.srcs/sources_1/bd/design_1/ip/design_1_lmb_bram_0/design_1_lmb_bram_0/design_1_lmb_bram_0_in_context.xdc] for cell 'design_1_i/microblaze_0_local_memory/lmb_bram'
Finished Parsing XDC File [e:/XilinxV/Projects/project_12NewLast/project_12/project_12.srcs/sources_1/bd/design_1/ip/design_1_lmb_bram_0/design_1_lmb_bram_0/design_1_lmb_bram_0_in_context.xdc] for cell 'design_1_i/microblaze_0_local_memory/lmb_bram'
Parsing XDC File [e:/XilinxV/Projects/project_12NewLast/project_12/project_12.srcs/sources_1/bd/design_1/ip/design_1_mdm_1_0/design_1_mdm_1_0/design_1_mdm_1_0_in_context.xdc] for cell 'design_1_i/mdm_1'
Finished Parsing XDC File [e:/XilinxV/Projects/project_12NewLast/project_12/project_12.srcs/sources_1/bd/design_1/ip/design_1_mdm_1_0/design_1_mdm_1_0/design_1_mdm_1_0_in_context.xdc] for cell 'design_1_i/mdm_1'
Parsing XDC File [e:/XilinxV/Projects/project_12NewLast/project_12/project_12.srcs/sources_1/bd/design_1/ip/design_1_clk_wiz_1_0/design_1_clk_wiz_1_0/design_1_clk_wiz_1_0_in_context.xdc] for cell 'design_1_i/clk_wiz_1'
Finished Parsing XDC File [e:/XilinxV/Projects/project_12NewLast/project_12/project_12.srcs/sources_1/bd/design_1/ip/design_1_clk_wiz_1_0/design_1_clk_wiz_1_0/design_1_clk_wiz_1_0_in_context.xdc] for cell 'design_1_i/clk_wiz_1'
Parsing XDC File [e:/XilinxV/Projects/project_12NewLast/project_12/project_12.srcs/sources_1/bd/design_1/ip/design_1_rst_clk_wiz_1_100M_0/design_1_rst_clk_wiz_1_100M_0/design_1_rst_clk_wiz_1_100M_0_in_context.xdc] for cell 'design_1_i/rst_clk_wiz_1_100M'
Finished Parsing XDC File [e:/XilinxV/Projects/project_12NewLast/project_12/project_12.srcs/sources_1/bd/design_1/ip/design_1_rst_clk_wiz_1_100M_0/design_1_rst_clk_wiz_1_100M_0/design_1_rst_clk_wiz_1_100M_0_in_context.xdc] for cell 'design_1_i/rst_clk_wiz_1_100M'
Parsing XDC File [e:/XilinxV/Projects/project_12NewLast/project_12/project_12.srcs/sources_1/bd/design_1/ip/design_1_axi_gpio_0_1/design_1_axi_gpio_0_1/design_1_axi_gpio_0_1_in_context.xdc] for cell 'design_1_i/axi_gpio_0'
Finished Parsing XDC File [e:/XilinxV/Projects/project_12NewLast/project_12/project_12.srcs/sources_1/bd/design_1/ip/design_1_axi_gpio_0_1/design_1_axi_gpio_0_1/design_1_axi_gpio_0_1_in_context.xdc] for cell 'design_1_i/axi_gpio_0'
Parsing XDC File [e:/XilinxV/Projects/project_12NewLast/project_12/project_12.srcs/sources_1/bd/design_1/ip/design_1_heartbeat_0_0/design_1_heartbeat_0_0/design_1_heartbeat_0_0_in_context.xdc] for cell 'design_1_i/heartbeat_0'
Finished Parsing XDC File [e:/XilinxV/Projects/project_12NewLast/project_12/project_12.srcs/sources_1/bd/design_1/ip/design_1_heartbeat_0_0/design_1_heartbeat_0_0/design_1_heartbeat_0_0_in_context.xdc] for cell 'design_1_i/heartbeat_0'
Parsing XDC File [e:/XilinxV/Projects/project_12NewLast/project_12/project_12.srcs/sources_1/bd/design_1/ip/design_1_peakdetection_0_0/design_1_peakdetection_0_0/design_1_peakdetection_0_0_in_context.xdc] for cell 'design_1_i/peakdetection_0'
Finished Parsing XDC File [e:/XilinxV/Projects/project_12NewLast/project_12/project_12.srcs/sources_1/bd/design_1/ip/design_1_peakdetection_0_0/design_1_peakdetection_0_0/design_1_peakdetection_0_0_in_context.xdc] for cell 'design_1_i/peakdetection_0'
Parsing XDC File [e:/XilinxV/Projects/project_12NewLast/project_12/project_12.srcs/sources_1/bd/design_1/ip/design_1_axi_gpio_1_0/design_1_axi_gpio_1_0/design_1_axi_gpio_2_0_in_context.xdc] for cell 'design_1_i/axi_gpio_1'
Finished Parsing XDC File [e:/XilinxV/Projects/project_12NewLast/project_12/project_12.srcs/sources_1/bd/design_1/ip/design_1_axi_gpio_1_0/design_1_axi_gpio_1_0/design_1_axi_gpio_2_0_in_context.xdc] for cell 'design_1_i/axi_gpio_1'
Parsing XDC File [e:/XilinxV/Projects/project_12NewLast/project_12/project_12.srcs/sources_1/bd/design_1/ip/design_1_axi_gpio_2_0/design_1_axi_gpio_2_0/design_1_axi_gpio_2_0_in_context.xdc] for cell 'design_1_i/axi_gpio_2'
Finished Parsing XDC File [e:/XilinxV/Projects/project_12NewLast/project_12/project_12.srcs/sources_1/bd/design_1/ip/design_1_axi_gpio_2_0/design_1_axi_gpio_2_0/design_1_axi_gpio_2_0_in_context.xdc] for cell 'design_1_i/axi_gpio_2'
Parsing XDC File [e:/XilinxV/Projects/project_12NewLast/project_12/project_12.srcs/sources_1/bd/design_1/ip/design_1_xbar_0/design_1_xbar_0/design_1_xbar_0_in_context.xdc] for cell 'design_1_i/microblaze_0_axi_periph/xbar'
Finished Parsing XDC File [e:/XilinxV/Projects/project_12NewLast/project_12/project_12.srcs/sources_1/bd/design_1/ip/design_1_xbar_0/design_1_xbar_0/design_1_xbar_0_in_context.xdc] for cell 'design_1_i/microblaze_0_axi_periph/xbar'
Parsing XDC File [E:/XilinxV/Projects/project_12NewLast/project_12/project_12.runs/synth_1/dont_touch.xdc]
Finished Parsing XDC File [E:/XilinxV/Projects/project_12NewLast/project_12/project_12.runs/synth_1/dont_touch.xdc]
Completed Processing XDC Constraints

Netlist sorting complete. Time (s): cpu = 00:00:00 ; elapsed = 00:00:00 . Memory (MB): peak = 987.445 ; gain = 0.000
INFO: [Project 1-111] Unisim Transformation Summary:
No Unisim elements were transformed.

Constraint Validation Runtime : Time (s): cpu = 00:00:00 ; elapsed = 00:00:00.037 . Memory (MB): peak = 987.445 ; gain = 0.000
WARNING: [Timing 38-316] Clock period '20.000' specified during out-of-context synthesis of instance 'design_1_i/microblaze_0_local_memory/lmb_bram' at clock pin 'clka' is different from the actual clock period '10.000', this can lead to different synthesis results.
---------------------------------------------------------------------------------
Finished Constraint Validation : Time (s): cpu = 00:00:12 ; elapsed = 00:00:13 . Memory (MB): peak = 999.059 ; gain = 345.031
---------------------------------------------------------------------------------
---------------------------------------------------------------------------------
Start Loading Part and Timing Information
---------------------------------------------------------------------------------
Loading part: xc7s100fgga676-2
---------------------------------------------------------------------------------
Finished Loading Part and Timing Information : Time (s): cpu = 00:00:12 ; elapsed = 00:00:13 . Memory (MB): peak = 999.059 ; gain = 345.031
---------------------------------------------------------------------------------
---------------------------------------------------------------------------------
Start Applying 'set_property' XDC Constraints
---------------------------------------------------------------------------------
Applied set_property IO_BUFFER_TYPE = NONE for clk_100MHz. (constraint file  e:/XilinxV/Projects/project_12NewLast/project_12/project_12.srcs/sources_1/bd/design_1/ip/design_1_clk_wiz_1_0/design_1_clk_wiz_1_0/design_1_clk_wiz_1_0_in_context.xdc, line 3).
Applied set_property CLOCK_BUFFER_TYPE = NONE for clk_100MHz. (constraint file  e:/XilinxV/Projects/project_12NewLast/project_12/project_12.srcs/sources_1/bd/design_1/ip/design_1_clk_wiz_1_0/design_1_clk_wiz_1_0/design_1_clk_wiz_1_0_in_context.xdc, line 4).
Applied set_property DONT_TOUCH = true for design_1_i. (constraint file  auto generated constraint, line ).
Applied set_property DONT_TOUCH = true for design_1_i/microblaze_0. (constraint file  auto generated constraint, line ).
Applied set_property DONT_TOUCH = true for design_1_i/microblaze_0_local_memory/dlmb_v10. (constraint file  auto generated constraint, line ).
Applied set_property DONT_TOUCH = true for design_1_i/microblaze_0_local_memory/ilmb_v10. (constraint file  auto generated constraint, line ).
Applied set_property DONT_TOUCH = true for design_1_i/microblaze_0_local_memory/dlmb_bram_if_cntlr. (constraint file  auto generated constraint, line ).
Applied set_property DONT_TOUCH = true for design_1_i/microblaze_0_local_memory/ilmb_bram_if_cntlr. (constraint file  auto generated constraint, line ).
Applied set_property DONT_TOUCH = true for design_1_i/microblaze_0_local_memory/lmb_bram. (constraint file  auto generated constraint, line ).
Applied set_property DONT_TOUCH = true for design_1_i/mdm_1. (constraint file  auto generated constraint, line ).
Applied set_property DONT_TOUCH = true for design_1_i/clk_wiz_1. (constraint file  auto generated constraint, line ).
Applied set_property DONT_TOUCH = true for design_1_i/rst_clk_wiz_1_100M. (constraint file  auto generated constraint, line ).
Applied set_property DONT_TOUCH = true for design_1_i/axi_gpio_0. (constraint file  auto generated constraint, line ).
Applied set_property DONT_TOUCH = true for design_1_i/microblaze_0_axi_periph. (constraint file  auto generated constraint, line ).
Applied set_property DONT_TOUCH = true for design_1_i/heartbeat_0. (constraint file  auto generated constraint, line ).
Applied set_property DONT_TOUCH = true for design_1_i/peakdetection_0. (constraint file  auto generated constraint, line ).
Applied set_property DONT_TOUCH = true for design_1_i/axi_gpio_1. (constraint file  auto generated constraint, line ).
Applied set_property DONT_TOUCH = true for design_1_i/axi_gpio_2. (constraint file  auto generated constraint, line ).
Applied set_property DONT_TOUCH = true for design_1_i/microblaze_0_axi_periph/xbar. (constraint file  auto generated constraint, line ).
---------------------------------------------------------------------------------
Finished applying 'set_property' XDC Constraints : Time (s): cpu = 00:00:13 ; elapsed = 00:00:14 . Memory (MB): peak = 999.059 ; gain = 345.031
---------------------------------------------------------------------------------
---------------------------------------------------------------------------------
Finished RTL Optimization Phase 2 : Time (s): cpu = 00:00:13 ; elapsed = 00:00:14 . Memory (MB): peak = 999.059 ; gain = 345.031
---------------------------------------------------------------------------------

Report RTL Partitions: 
+-+--------------+------------+----------+
| |RTL Partition |Replication |Instances |
+-+--------------+------------+----------+
+-+--------------+------------+----------+
---------------------------------------------------------------------------------
Start RTL Component Statistics 
---------------------------------------------------------------------------------
Detailed RTL Component Info : 
---------------------------------------------------------------------------------
Finished RTL Component Statistics 
---------------------------------------------------------------------------------
---------------------------------------------------------------------------------
Start RTL Hierarchical Component Statistics 
---------------------------------------------------------------------------------
Hierarchical RTL Component report 
---------------------------------------------------------------------------------
Finished RTL Hierarchical Component Statistics
---------------------------------------------------------------------------------
---------------------------------------------------------------------------------
Start Part Resource Summary
---------------------------------------------------------------------------------
Part Resources:
DSPs: 160 (col length:80)
BRAMs: 240 (col length: RAMB18 80 RAMB36 40)
---------------------------------------------------------------------------------
Finished Part Resource Summary
---------------------------------------------------------------------------------
---------------------------------------------------------------------------------
Start Cross Boundary and Area Optimization
---------------------------------------------------------------------------------
Warning: Parallel synthesis criteria is not met 
WARNING: [Synth 8-3331] design design_1_microblaze_0_axi_periph_0 has unconnected port M00_ACLK
WARNING: [Synth 8-3331] design design_1_microblaze_0_axi_periph_0 has unconnected port M00_ARESETN
WARNING: [Synth 8-3331] design design_1_microblaze_0_axi_periph_0 has unconnected port M01_ACLK
WARNING: [Synth 8-3331] design design_1_microblaze_0_axi_periph_0 has unconnected port M01_ARESETN
WARNING: [Synth 8-3331] design design_1_microblaze_0_axi_periph_0 has unconnected port M02_ACLK
WARNING: [Synth 8-3331] design design_1_microblaze_0_axi_periph_0 has unconnected port M02_ARESETN
WARNING: [Synth 8-3331] design design_1_microblaze_0_axi_periph_0 has unconnected port S00_ACLK
WARNING: [Synth 8-3331] design design_1_microblaze_0_axi_periph_0 has unconnected port S00_ARESETN
---------------------------------------------------------------------------------
Finished Cross Boundary and Area Optimization : Time (s): cpu = 00:00:14 ; elapsed = 00:00:15 . Memory (MB): peak = 999.059 ; gain = 345.031
---------------------------------------------------------------------------------

Report RTL Partitions: 
+-+--------------+------------+----------+
| |RTL Partition |Replication |Instances |
+-+--------------+------------+----------+
+-+--------------+------------+----------+
---------------------------------------------------------------------------------
Start Applying XDC Timing Constraints
---------------------------------------------------------------------------------
INFO: [Synth 8-5578] Moved timing constraint from pin 'design_1_i/microblaze_0_local_memory/dlmb_bram_if_cntlr/BRAM_Clk_A' to pin 'design_1_i/microblaze_0_local_memory/dlmb_bram_if_cntlr/bbstub_BRAM_Clk_A/O'
INFO: [Synth 8-5578] Moved timing constraint from pin 'design_1_i/microblaze_0_local_memory/ilmb_bram_if_cntlr/BRAM_Clk_A' to pin 'design_1_i/microblaze_0_local_memory/ilmb_bram_if_cntlr/bbstub_BRAM_Clk_A/O'
INFO: [Synth 8-5578] Moved timing constraint from pin 'design_1_i/mdm_1/Dbg_Clk_0' to pin 'design_1_i/mdm_1/bbstub_Dbg_Clk_0/O'
INFO: [Synth 8-5578] Moved timing constraint from pin 'design_1_i/mdm_1/Dbg_Update_0' to pin 'design_1_i/mdm_1/bbstub_Dbg_Update_0/O'
INFO: [Synth 8-5578] Moved timing constraint from pin 'design_1_i/clk_wiz_1/clk_out1' to pin 'design_1_i/clk_wiz_1/bbstub_clk_out1/O'
INFO: [Synth 8-5819] Moved 5 constraints on hierarchical pins to their respective driving/loading pins
---------------------------------------------------------------------------------
Finished Applying XDC Timing Constraints : Time (s): cpu = 00:00:23 ; elapsed = 00:00:24 . Memory (MB): peak = 999.059 ; gain = 345.031
---------------------------------------------------------------------------------
---------------------------------------------------------------------------------
Start Timing Optimization
---------------------------------------------------------------------------------
---------------------------------------------------------------------------------
Finished Timing Optimization : Time (s): cpu = 00:00:23 ; elapsed = 00:00:24 . Memory (MB): peak = 999.059 ; gain = 345.031
---------------------------------------------------------------------------------

Report RTL Partitions: 
+-+--------------+------------+----------+
| |RTL Partition |Replication |Instances |
+-+--------------+------------+----------+
+-+--------------+------------+----------+
---------------------------------------------------------------------------------
Start Technology Mapping
---------------------------------------------------------------------------------
---------------------------------------------------------------------------------
Finished Technology Mapping : Time (s): cpu = 00:00:23 ; elapsed = 00:00:24 . Memory (MB): peak = 999.059 ; gain = 345.031
---------------------------------------------------------------------------------

Report RTL Partitions: 
+-+--------------+------------+----------+
| |RTL Partition |Replication |Instances |
+-+--------------+------------+----------+
+-+--------------+------------+----------+
---------------------------------------------------------------------------------
Start IO Insertion
---------------------------------------------------------------------------------
---------------------------------------------------------------------------------
Start Flattening Before IO Insertion
---------------------------------------------------------------------------------
---------------------------------------------------------------------------------
Finished Flattening Before IO Insertion
---------------------------------------------------------------------------------
---------------------------------------------------------------------------------
Start Final Netlist Cleanup
---------------------------------------------------------------------------------
---------------------------------------------------------------------------------
Finished Final Netlist Cleanup
---------------------------------------------------------------------------------
---------------------------------------------------------------------------------
Finished IO Insertion : Time (s): cpu = 00:00:26 ; elapsed = 00:00:27 . Memory (MB): peak = 1000.246 ; gain = 346.219
---------------------------------------------------------------------------------

Report Check Netlist: 
+------+------------------+-------+---------+-------+------------------+
|      |Item              |Errors |Warnings |Status |Description       |
+------+------------------+-------+---------+-------+------------------+
|1     |multi_driven_nets |      0|        0|Passed |Multi driven nets |
+------+------------------+-------+---------+-------+------------------+
---------------------------------------------------------------------------------
Start Renaming Generated Instances
---------------------------------------------------------------------------------
---------------------------------------------------------------------------------
Finished Renaming Generated Instances : Time (s): cpu = 00:00:26 ; elapsed = 00:00:27 . Memory (MB): peak = 1000.246 ; gain = 346.219
---------------------------------------------------------------------------------

Report RTL Partitions: 
+-+--------------+------------+----------+
| |RTL Partition |Replication |Instances |
+-+--------------+------------+----------+
+-+--------------+------------+----------+
---------------------------------------------------------------------------------
Start Rebuilding User Hierarchy
---------------------------------------------------------------------------------
---------------------------------------------------------------------------------
Finished Rebuilding User Hierarchy : Time (s): cpu = 00:00:26 ; elapsed = 00:00:27 . Memory (MB): peak = 1000.246 ; gain = 346.219
---------------------------------------------------------------------------------
---------------------------------------------------------------------------------
Start Renaming Generated Ports
---------------------------------------------------------------------------------
---------------------------------------------------------------------------------
Finished Renaming Generated Ports : Time (s): cpu = 00:00:26 ; elapsed = 00:00:27 . Memory (MB): peak = 1000.246 ; gain = 346.219
---------------------------------------------------------------------------------
---------------------------------------------------------------------------------
Start Handling Custom Attributes
---------------------------------------------------------------------------------
---------------------------------------------------------------------------------
Finished Handling Custom Attributes : Time (s): cpu = 00:00:26 ; elapsed = 00:00:27 . Memory (MB): peak = 1000.246 ; gain = 346.219
---------------------------------------------------------------------------------
---------------------------------------------------------------------------------
Start Renaming Generated Nets
---------------------------------------------------------------------------------
---------------------------------------------------------------------------------
Finished Renaming Generated Nets : Time (s): cpu = 00:00:26 ; elapsed = 00:00:27 . Memory (MB): peak = 1000.246 ; gain = 346.219
---------------------------------------------------------------------------------
---------------------------------------------------------------------------------
Start Writing Synthesis Report
---------------------------------------------------------------------------------

Report BlackBoxes: 
+------+------------------------------+----------+
|      |BlackBox name                 |Instances |
+------+------------------------------+----------+
|1     |design_1_xbar_0               |         1|
|2     |design_1_axi_gpio_0_1         |         1|
|3     |design_1_axi_gpio_1_0         |         1|
|4     |design_1_axi_gpio_2_0         |         1|
|5     |design_1_clk_wiz_1_0          |         1|
|6     |design_1_heartbeat_0_0        |         1|
|7     |design_1_mdm_1_0              |         1|
|8     |design_1_microblaze_0_0       |         1|
|9     |design_1_peakdetection_0_0    |         1|
|10    |design_1_rst_clk_wiz_1_100M_0 |         1|
|11    |design_1_dlmb_bram_if_cntlr_0 |         1|
|12    |design_1_dlmb_v10_0           |         1|
|13    |design_1_ilmb_bram_if_cntlr_0 |         1|
|14    |design_1_ilmb_v10_0           |         1|
|15    |design_1_lmb_bram_0           |         1|
+------+------------------------------+----------+

Report Cell Usage: 
+------+--------------------------------------+------+
|      |Cell                                  |Count |
+------+--------------------------------------+------+
|1     |design_1_axi_gpio_0_1_bbox_0          |     1|
|2     |design_1_axi_gpio_1_0_bbox_1          |     1|
|3     |design_1_axi_gpio_2_0_bbox_2          |     1|
|4     |design_1_clk_wiz_1_0_bbox_3           |     1|
|5     |design_1_dlmb_bram_if_cntlr_0_bbox_8  |     1|
|6     |design_1_dlmb_v10_0_bbox_9            |     1|
|7     |design_1_heartbeat_0_0_bbox_4         |     1|
|8     |design_1_ilmb_bram_if_cntlr_0_bbox_10 |     1|
|9     |design_1_ilmb_v10_0_bbox_11           |     1|
|10    |design_1_lmb_bram_0_bbox_12           |     1|
|11    |design_1_mdm_1_0_bbox_5               |     1|
|12    |design_1_microblaze_0_0_bbox_6        |     1|
|13    |design_1_peakdetection_0_0_bbox_13    |     1|
|14    |design_1_rst_clk_wiz_1_100M_0_bbox_14 |     1|
|15    |design_1_xbar_0_bbox_7                |     1|
|16    |IBUF                                  |   369|
|17    |OBUF                                  |     8|
+------+--------------------------------------+------+

Report Instance Areas: 
+------+------------------------------+--------------------------------------+------+
|      |Instance                      |Module                                |Cells |
+------+------------------------------+--------------------------------------+------+
|1     |top                           |                                      |  1660|
|2     |  design_1_i                  |design_1                              |  1283|
|3     |    microblaze_0_axi_periph   |design_1_microblaze_0_axi_periph_0    |   374|
|4     |    microblaze_0_local_memory |microblaze_0_local_memory_imp_1K0VQXK |   496|
+------+------------------------------+--------------------------------------+------+
---------------------------------------------------------------------------------
Finished Writing Synthesis Report : Time (s): cpu = 00:00:26 ; elapsed = 00:00:27 . Memory (MB): peak = 1000.246 ; gain = 346.219
---------------------------------------------------------------------------------
Synthesis finished with 0 errors, 0 critical warnings and 8 warnings.
Synthesis Optimization Runtime : Time (s): cpu = 00:00:18 ; elapsed = 00:00:24 . Memory (MB): peak = 1000.246 ; gain = 249.840
Synthesis Optimization Complete : Time (s): cpu = 00:00:26 ; elapsed = 00:00:27 . Memory (MB): peak = 1000.246 ; gain = 346.219
INFO: [Project 1-571] Translating synthesized netlist
INFO: [Project 1-570] Preparing netlist for logic optimization
INFO: [Opt 31-138] Pushed 0 inverter(s) to 0 load pin(s).
Netlist sorting complete. Time (s): cpu = 00:00:00 ; elapsed = 00:00:00.001 . Memory (MB): peak = 1014.805 ; gain = 0.000
INFO: [Project 1-111] Unisim Transformation Summary:
No Unisim elements were transformed.

INFO: [Common 17-83] Releasing license: Synthesis
66 Infos, 33 Warnings, 0 Critical Warnings and 0 Errors encountered.
synth_design completed successfully
synth_design: Time (s): cpu = 00:00:33 ; elapsed = 00:00:35 . Memory (MB): peak = 1014.805 ; gain = 619.801
Netlist sorting complete. Time (s): cpu = 00:00:00 ; elapsed = 00:00:00 . Memory (MB): peak = 1014.805 ; gain = 0.000
WARNING: [Constraints 18-5210] No constraints selected for write.
Resolution: This message can indicate that there are no constraints for the design, or it can indicate that the used_in flags are set such that the constraints are ignored. This later case is used when running synth_design to not write synthesis constraints to the resulting checkpoint. Instead, project constraints are read when the synthesized design is opened.
INFO: [Common 17-1381] The checkpoint 'E:/XilinxV/Projects/project_12NewLast/project_12/project_12.runs/synth_1/design_1_wrapper.dcp' has been generated.
INFO: [runtcl-4] Executing : report_utilization -file design_1_wrapper_utilization_synth.rpt -pb design_1_wrapper_utilization_synth.pb
INFO: [Common 17-206] Exiting Vivado at Tue Jun  6 18:56:32 2023...
